Using pre-set license
Built from '2020.2/release' branch; Version is '2020.2.1f1 (270dd8c3da1c) revision 2559448'; Using compiler version '192528614'; Build Type 'Release'
OS: 'Windows 10  (10.0.0) 64bit' Language: 'en' Physical Memory: 8189 MB
BatchMode: 1, IsHumanControllingUs: 0, StartBugReporterOnCrash: 0, Is64bit: 1, IsPro: 0

 COMMAND LINE ARGUMENTS:
C:\Program Files\Unity\Editor\Unity.exe
-adb2
-batchMode
-noUpm
-name
AssetImportWorker0
-projectPath
D:/Unity Projects/Boss_3D_Runner_Game/Boss_3D_Runner
-logFile
Logs/AssetImportWorker0.log
-srvPort
49622
Successfully changed project path to: D:/Unity Projects/Boss_3D_Runner_Game/Boss_3D_Runner
D:/Unity Projects/Boss_3D_Runner_Game/Boss_3D_Runner
Using Asset Import Pipeline V2.
Refreshing native plugins compatible for Editor in 41.54 ms, found 0 plugins.
Preloading 0 native plugins for Editor in 0.00 ms.
Initialize engine version: 2020.2.1f1 (270dd8c3da1c)
[Subsystems] Discovering subsystems at path C:/Program Files/Unity/Editor/Data/Resources/UnitySubsystems
[Subsystems] Discovering subsystems at path D:/Unity Projects/Boss_3D_Runner_Game/Boss_3D_Runner/Assets
GfxDevice: creating device client; threaded=0
Direct3D:
    Version:  Direct3D 11.0 [level 11.1]
    Renderer: Radeon RX 560 Series (ID=0x67ef)
    Vendor:   
    VRAM:     4075 MB
    Driver:   27.20.1034.6
Initialize mono
Mono path[0] = 'C:/Program Files/Unity/Editor/Data/Managed'
Mono path[1] = 'C:/Program Files/Unity/Editor/Data/MonoBleedingEdge/lib/mono/unityjit'
Mono config path = 'C:/Program Files/Unity/Editor/Data/MonoBleedingEdge/etc'
Using monoOptions --debugger-agent=transport=dt_socket,embedding=1,server=y,suspend=n,address=127.0.0.1:56224
Begin MonoManager ReloadAssembly
Registering precompiled unity dll's ...
Register platform support module: C:/Program Files/Unity/Editor/Data/PlaybackEngines/WindowsStandaloneSupport/UnityEditor.WindowsStandalone.Extensions.dll
Registered in 0.004044 seconds.
Native extension for WindowsStandalone target not found
Refreshing native plugins compatible for Editor in 41.63 ms, found 0 plugins.
Preloading 0 native plugins for Editor in 0.00 ms.
Invoked RoslynAnalysisRunner static constructor.
RoslynAnalysisRunner will not be running.
RoslynAnalysisRunner has terminated.
Mono: successfully reloaded assembly
- Completed reload, in  1.771 seconds
Platform modules already initialized, skipping
Registering precompiled user dll's ...
Registered in 0.000895 seconds.
Begin MonoManager ReloadAssembly
Native extension for WindowsStandalone target not found
Refreshing native plugins compatible for Editor in 0.37 ms, found 0 plugins.
Preloading 0 native plugins for Editor in 0.00 ms.
Invoked RoslynAnalysisRunner static constructor.
RoslynAnalysisRunner will not be running.
RoslynAnalysisRunner has terminated.
Mono: successfully reloaded assembly
- Completed reload, in  1.307 seconds
Platform modules already initialized, skipping
========================================================================
Worker process is ready to serve import requests
Launched and connected shader compiler UnityShaderCompiler.exe after 0.11 seconds
Refreshing native plugins compatible for Editor in 0.47 ms, found 0 plugins.
Preloading 0 native plugins for Editor in 0.00 ms.
Unloading 1212 Unused Serialized files (Serialized files now loaded: 0)
System memory in use before: 88.7 MB.
System memory in use after: 88.7 MB.

Unloading 10 unused Assets to reduce memory usage. Loaded Objects now: 1680.
Total: 2.323300 ms (FindLiveObjects: 0.172600 ms CreateObjectMapping: 0.064300 ms MarkObjects: 1.948200 ms  DeleteObjects: 0.136900 ms)

========================================================================
Received Import Request.
  path: Assets/scripts/Death_Menu.cs
  artifactKey: Guid(c59f6415935ccaf48867ec5840e3fc58) Importer(815301076,1909f56bfc062723c751e8b465ee728b)
Start importing Assets/scripts/Death_Menu.cs using Guid(c59f6415935ccaf48867ec5840e3fc58) Importer(815301076,1909f56bfc062723c751e8b465ee728b)  -> (artifact id: '0f8551125f188660d9439e4f7db2b390') in 0.072009 seconds
  Import took 0.098723 seconds .

========================================================================
Received Prepare
Registering precompiled user dll's ...
Registered in 0.000966 seconds.
Begin MonoManager ReloadAssembly
Native extension for WindowsStandalone target not found
Refreshing native plugins compatible for Editor in 14.19 ms, found 0 plugins.
Preloading 0 native plugins for Editor in 0.00 ms.
Invoked RoslynAnalysisRunner static constructor.
RoslynAnalysisRunner will not be running.
RoslynAnalysisRunner has terminated.
Mono: successfully reloaded assembly
- Completed reload, in  1.201 seconds
Platform modules already initialized, skipping
Refreshing native plugins compatible for Editor in 0.38 ms, found 0 plugins.
Preloading 0 native plugins for Editor in 0.00 ms.
Unloading 1180 Unused Serialized files (Serialized files now loaded: 0)
System memory in use before: 87.5 MB.
System memory in use after: 87.6 MB.

Unloading 5 unused Assets to reduce memory usage. Loaded Objects now: 1682.
Total: 2.329200 ms (FindLiveObjects: 0.183700 ms CreateObjectMapping: 0.063300 ms MarkObjects: 1.982000 ms  DeleteObjects: 0.098200 ms)

========================================================================
Received Import Request.
  Time since last request: 122.033673 seconds.
  path: Assets/scripts/Death_Menu.cs
  artifactKey: Guid(c59f6415935ccaf48867ec5840e3fc58) Importer(815301076,1909f56bfc062723c751e8b465ee728b)
Start importing Assets/scripts/Death_Menu.cs using Guid(c59f6415935ccaf48867ec5840e3fc58) Importer(815301076,1909f56bfc062723c751e8b465ee728b)  -> (artifact id: '1c33fb17611afc355fbe87789fd7e3d0') in 0.008078 seconds
  Import took 0.030419 seconds .

========================================================================
Received Import Request.
  Time since last request: 0.012750 seconds.
  path: Assets/scripts/Death_Menu.cs
  artifactKey: Guid(c59f6415935ccaf48867ec5840e3fc58) Importer(815301076,1909f56bfc062723c751e8b465ee728b)
Start importing Assets/scripts/Death_Menu.cs using Guid(c59f6415935ccaf48867ec5840e3fc58) Importer(815301076,1909f56bfc062723c751e8b465ee728b)  -> (artifact id: '1c33fb17611afc355fbe87789fd7e3d0') in 0.004047 seconds
  Import took 0.007697 seconds .

========================================================================
Received Prepare
Registering precompiled user dll's ...
Registered in 0.001020 seconds.
Begin MonoManager ReloadAssembly
Native extension for WindowsStandalone target not found
Refreshing native plugins compatible for Editor in 0.38 ms, found 0 plugins.
Preloading 0 native plugins for Editor in 0.00 ms.
Invoked RoslynAnalysisRunner static constructor.
RoslynAnalysisRunner will not be running.
RoslynAnalysisRunner has terminated.
Mono: successfully reloaded assembly
- Completed reload, in  1.166 seconds
Platform modules already initialized, skipping
Refreshing native plugins compatible for Editor in 0.38 ms, found 0 plugins.
Preloading 0 native plugins for Editor in 0.00 ms.
Unloading 1180 Unused Serialized files (Serialized files now loaded: 0)
System memory in use before: 87.5 MB.
System memory in use after: 87.6 MB.

Unloading 5 unused Assets to reduce memory usage. Loaded Objects now: 1684.
Total: 2.321500 ms (FindLiveObjects: 0.174700 ms CreateObjectMapping: 0.064000 ms MarkObjects: 1.990300 ms  DeleteObjects: 0.090700 ms)

========================================================================
Received Import Request.
  Time since last request: 31.223416 seconds.
  path: Assets/scripts/Death_Menu.cs
  artifactKey: Guid(c59f6415935ccaf48867ec5840e3fc58) Importer(815301076,1909f56bfc062723c751e8b465ee728b)
Start importing Assets/scripts/Death_Menu.cs using Guid(c59f6415935ccaf48867ec5840e3fc58) Importer(815301076,1909f56bfc062723c751e8b465ee728b)  -> (artifact id: '80927ce40b7c6e9f6297d31be9a6c418') in 0.004736 seconds
  Import took 0.012678 seconds .

========================================================================
Received Import Request.
  Time since last request: 2.352643 seconds.
  path: Assets/scripts/Death_Menu.cs
  artifactKey: Guid(c59f6415935ccaf48867ec5840e3fc58) Importer(815301076,1909f56bfc062723c751e8b465ee728b)
Start importing Assets/scripts/Death_Menu.cs using Guid(c59f6415935ccaf48867ec5840e3fc58) Importer(815301076,1909f56bfc062723c751e8b465ee728b)  -> (artifact id: '80927ce40b7c6e9f6297d31be9a6c418') in 0.002120 seconds
  Import took 0.004804 seconds .

========================================================================
Received Prepare
Registering precompiled user dll's ...
Registered in 0.000968 seconds.
Begin MonoManager ReloadAssembly
Native extension for WindowsStandalone target not found
Refreshing native plugins compatible for Editor in 0.38 ms, found 0 plugins.
Preloading 0 native plugins for Editor in 0.00 ms.
Invoked RoslynAnalysisRunner static constructor.
RoslynAnalysisRunner will not be running.
RoslynAnalysisRunner has terminated.
Mono: successfully reloaded assembly
- Completed reload, in  1.143 seconds
Platform modules already initialized, skipping
Refreshing native plugins compatible for Editor in 0.37 ms, found 0 plugins.
Preloading 0 native plugins for Editor in 0.00 ms.
Unloading 1180 Unused Serialized files (Serialized files now loaded: 0)
System memory in use before: 87.5 MB.
System memory in use after: 87.6 MB.

Unloading 5 unused Assets to reduce memory usage. Loaded Objects now: 1686.
Total: 2.632900 ms (FindLiveObjects: 0.175500 ms CreateObjectMapping: 0.066000 ms MarkObjects: 2.305400 ms  DeleteObjects: 0.084400 ms)

========================================================================
Received Import Request.
  Time since last request: 496.727546 seconds.
  path: Assets/scripts/player_motor.cs
  artifactKey: Guid(6c8b63a574492e645afde67db1614375) Importer(815301076,1909f56bfc062723c751e8b465ee728b)
Start importing Assets/scripts/player_motor.cs using Guid(6c8b63a574492e645afde67db1614375) Importer(815301076,1909f56bfc062723c751e8b465ee728b)  -> (artifact id: 'fd949b8ca395422464193803f73ceddc') in 0.005437 seconds
  Import took 0.032130 seconds .

========================================================================
Received Import Request.
  Time since last request: 0.014105 seconds.
  path: Assets/scripts/player_motor.cs
  artifactKey: Guid(6c8b63a574492e645afde67db1614375) Importer(815301076,1909f56bfc062723c751e8b465ee728b)
Start importing Assets/scripts/player_motor.cs using Guid(6c8b63a574492e645afde67db1614375) Importer(815301076,1909f56bfc062723c751e8b465ee728b)  -> (artifact id: 'fd949b8ca395422464193803f73ceddc') in 0.002138 seconds
  Import took 0.004977 seconds .

========================================================================
Received Prepare
Registering precompiled user dll's ...
Registered in 0.000989 seconds.
Begin MonoManager ReloadAssembly
Native extension for WindowsStandalone target not found
Refreshing native plugins compatible for Editor in 0.37 ms, found 0 plugins.
Preloading 0 native plugins for Editor in 0.00 ms.
Invoked RoslynAnalysisRunner static constructor.
RoslynAnalysisRunner will not be running.
RoslynAnalysisRunner has terminated.
Mono: successfully reloaded assembly
- Completed reload, in  1.189 seconds
Platform modules already initialized, skipping
Refreshing native plugins compatible for Editor in 0.38 ms, found 0 plugins.
Preloading 0 native plugins for Editor in 0.00 ms.
Unloading 1180 Unused Serialized files (Serialized files now loaded: 0)
System memory in use before: 87.6 MB.
System memory in use after: 87.6 MB.

Unloading 5 unused Assets to reduce memory usage. Loaded Objects now: 1688.
Total: 2.343500 ms (FindLiveObjects: 0.172600 ms CreateObjectMapping: 0.069300 ms MarkObjects: 1.999900 ms  DeleteObjects: 0.100000 ms)

========================================================================
Received Import Request.
  Time since last request: 4.316554 seconds.
  path: Assets/scripts/player_score.cs
  artifactKey: Guid(169e90ebc962e5648af06182034c14e5) Importer(815301076,1909f56bfc062723c751e8b465ee728b)
Start importing Assets/scripts/player_score.cs using Guid(169e90ebc962e5648af06182034c14e5) Importer(815301076,1909f56bfc062723c751e8b465ee728b)  -> (artifact id: 'e9e3e6fd6504e9c9e76c4a2876c6a67a') in 0.005016 seconds
  Import took 0.017563 seconds .

========================================================================
Received Import Request.
  Time since last request: 296.805812 seconds.
  path: Assets/scripts/player_score.cs
  artifactKey: Guid(169e90ebc962e5648af06182034c14e5) Importer(815301076,1909f56bfc062723c751e8b465ee728b)
Start importing Assets/scripts/player_score.cs using Guid(169e90ebc962e5648af06182034c14e5) Importer(815301076,1909f56bfc062723c751e8b465ee728b)  -> (artifact id: '9fb647bbbc17d0eb56aa7be90c27bdd7') in 0.006491 seconds
  Import took 0.012519 seconds .

========================================================================
Received Import Request.
  Time since last request: 0.004378 seconds.
  path: Assets/scripts/player_score.cs
  artifactKey: Guid(169e90ebc962e5648af06182034c14e5) Importer(815301076,1909f56bfc062723c751e8b465ee728b)
Start importing Assets/scripts/player_score.cs using Guid(169e90ebc962e5648af06182034c14e5) Importer(815301076,1909f56bfc062723c751e8b465ee728b)  -> (artifact id: '9fb647bbbc17d0eb56aa7be90c27bdd7') in 0.003601 seconds
  Import took 0.006541 seconds .

========================================================================
Received Prepare
Registering precompiled user dll's ...
Registered in 0.001020 seconds.
Begin MonoManager ReloadAssembly
Native extension for WindowsStandalone target not found
Refreshing native plugins compatible for Editor in 0.37 ms, found 0 plugins.
Preloading 0 native plugins for Editor in 0.00 ms.
Invoked RoslynAnalysisRunner static constructor.
RoslynAnalysisRunner will not be running.
RoslynAnalysisRunner has terminated.
Mono: successfully reloaded assembly
- Completed reload, in  1.151 seconds
Platform modules already initialized, skipping
Refreshing native plugins compatible for Editor in 0.38 ms, found 0 plugins.
Preloading 0 native plugins for Editor in 0.00 ms.
Unloading 1180 Unused Serialized files (Serialized files now loaded: 0)
System memory in use before: 87.6 MB.
System memory in use after: 87.6 MB.

Unloading 5 unused Assets to reduce memory usage. Loaded Objects now: 1690.
Total: 2.203100 ms (FindLiveObjects: 0.180300 ms CreateObjectMapping: 0.064300 ms MarkObjects: 1.870200 ms  DeleteObjects: 0.086600 ms)

========================================================================
Received Prepare
Registering precompiled user dll's ...
Registered in 0.001020 seconds.
Begin MonoManager ReloadAssembly
Native extension for WindowsStandalone target not found
Refreshing native plugins compatible for Editor in 0.39 ms, found 0 plugins.
Preloading 0 native plugins for Editor in 0.00 ms.
Invoked RoslynAnalysisRunner static constructor.
RoslynAnalysisRunner will not be running.
RoslynAnalysisRunner has terminated.
Mono: successfully reloaded assembly
- Completed reload, in  1.142 seconds
Platform modules already initialized, skipping
Refreshing native plugins compatible for Editor in 0.37 ms, found 0 plugins.
Preloading 0 native plugins for Editor in 0.00 ms.
Unloading 1180 Unused Serialized files (Serialized files now loaded: 0)
System memory in use before: 87.6 MB.
System memory in use after: 87.6 MB.

Unloading 5 unused Assets to reduce memory usage. Loaded Objects now: 1692.
Total: 2.234700 ms (FindLiveObjects: 0.177700 ms CreateObjectMapping: 0.063000 ms MarkObjects: 1.905000 ms  DeleteObjects: 0.087600 ms)

========================================================================
Received Prepare
Registering precompiled user dll's ...
Registered in 0.000969 seconds.
Begin MonoManager ReloadAssembly
Native extension for WindowsStandalone target not found
Refreshing native plugins compatible for Editor in 0.37 ms, found 0 plugins.
Preloading 0 native plugins for Editor in 0.00 ms.
Invoked RoslynAnalysisRunner static constructor.
RoslynAnalysisRunner will not be running.
RoslynAnalysisRunner has terminated.
Mono: successfully reloaded assembly
- Completed reload, in  1.144 seconds
Platform modules already initialized, skipping
Refreshing native plugins compatible for Editor in 0.37 ms, found 0 plugins.
Preloading 0 native plugins for Editor in 0.00 ms.
Unloading 1180 Unused Serialized files (Serialized files now loaded: 0)
System memory in use before: 87.4 MB.
System memory in use after: 87.5 MB.

Unloading 5 unused Assets to reduce memory usage. Loaded Objects now: 1694.
Total: 2.374700 ms (FindLiveObjects: 0.271100 ms CreateObjectMapping: 0.066600 ms MarkObjects: 1.941100 ms  DeleteObjects: 0.094200 ms)

========================================================================
Received Import Request.
  Time since last request: 1266.139994 seconds.
  path: Assets/RPG Pack
  artifactKey: Guid(5a635b9433b0f3a41b564e1c680c3127) Importer(815301076,1909f56bfc062723c751e8b465ee728b)
Start importing Assets/RPG Pack using Guid(5a635b9433b0f3a41b564e1c680c3127) Importer(815301076,1909f56bfc062723c751e8b465ee728b)  -> (artifact id: 'b3ac08e97bea09c5bf2ce3c53fd3fc1b') in 0.007900 seconds
  Import took 0.030136 seconds .

========================================================================
Received Import Request.
  Time since last request: 1.842850 seconds.
  path: Assets/RPG Pack/Prefabs
  artifactKey: Guid(c1d1fd12bd047fd45a1bf43d24d5b38b) Importer(815301076,1909f56bfc062723c751e8b465ee728b)
Start importing Assets/RPG Pack/Prefabs using Guid(c1d1fd12bd047fd45a1bf43d24d5b38b) Importer(815301076,1909f56bfc062723c751e8b465ee728b)  -> (artifact id: '78b476c6a716931d48deb169cfbf421a') in 0.002447 seconds
  Import took 0.005679 seconds .

========================================================================
Received Import Request.
  Time since last request: 0.070560 seconds.
  path: Assets/RPG Pack/Prefabs/Bottle_Endurance.prefab
  artifactKey: Guid(11e31a2ebb4e6e246bcf8c0ba034a031) Importer(815301076,1909f56bfc062723c751e8b465ee728b)
Start importing Assets/RPG Pack/Prefabs/Bottle_Endurance.prefab using Guid(11e31a2ebb4e6e246bcf8c0ba034a031) Importer(815301076,1909f56bfc062723c751e8b465ee728b)  -> (artifact id: 'cb64700d3d170c2eb666be4fe730bd23') in 0.511764 seconds
  Import took 0.530515 seconds .

========================================================================
Received Import Request.
  Time since last request: 0.000490 seconds.
  path: Assets/RPG Pack/Prefabs/Bottle_Mana.prefab
  artifactKey: Guid(2cf6690298568294cb6b655c0a3aeb87) Importer(815301076,1909f56bfc062723c751e8b465ee728b)
Start importing Assets/RPG Pack/Prefabs/Bottle_Mana.prefab using Guid(2cf6690298568294cb6b655c0a3aeb87) Importer(815301076,1909f56bfc062723c751e8b465ee728b)  -> (artifact id: '84298411abe812265214233abf8fdbed') in 0.051270 seconds
  Import took 0.062409 seconds .

========================================================================
Received Import Request.
  Time since last request: 0.000453 seconds.
  path: Assets/RPG Pack/Prefabs/Bottle_Health.prefab
  artifactKey: Guid(7cafb89b5a0f61f479d0a748962abbbc) Importer(815301076,1909f56bfc062723c751e8b465ee728b)
Start importing Assets/RPG Pack/Prefabs/Bottle_Health.prefab using Guid(7cafb89b5a0f61f479d0a748962abbbc) Importer(815301076,1909f56bfc062723c751e8b465ee728b)  -> (artifact id: 'dae9305f1209741f967080274f40abdd') in 0.025643 seconds
  Import took 0.038853 seconds .

========================================================================
Received Import Request.
  Time since last request: 0.000343 seconds.
  path: Assets/RPG Pack/Prefabs/BoxOfPandora.prefab
  artifactKey: Guid(efebddd0b5766bd499be8b63f581de68) Importer(815301076,1909f56bfc062723c751e8b465ee728b)
Start importing Assets/RPG Pack/Prefabs/BoxOfPandora.prefab using Guid(efebddd0b5766bd499be8b63f581de68) Importer(815301076,1909f56bfc062723c751e8b465ee728b)  -> (artifact id: 'e48761a01f940cf7acce9e3ee6d6b550') in 0.097176 seconds
  Import took 0.109246 seconds .

========================================================================
Received Import Request.
  Time since last request: 0.000583 seconds.
  path: Assets/RPG Pack/Prefabs/Bottle_Health.prefab
  artifactKey: Guid(7cafb89b5a0f61f479d0a748962abbbc) Importer(815301076,1909f56bfc062723c751e8b465ee728b)
Start importing Assets/RPG Pack/Prefabs/Bottle_Health.prefab using Guid(7cafb89b5a0f61f479d0a748962abbbc) Importer(815301076,1909f56bfc062723c751e8b465ee728b)  -> (artifact id: 'dae9305f1209741f967080274f40abdd') in 0.019999 seconds
  Import took 0.024174 seconds .

========================================================================
Received Import Request.
  Time since last request: 0.000336 seconds.
  path: Assets/RPG Pack/Prefabs/Coin.prefab
  artifactKey: Guid(5142a683d65bbf84abea6f07db9099c7) Importer(815301076,1909f56bfc062723c751e8b465ee728b)
Start importing Assets/RPG Pack/Prefabs/Coin.prefab using Guid(5142a683d65bbf84abea6f07db9099c7) Importer(815301076,1909f56bfc062723c751e8b465ee728b)  -> (artifact id: '3ac03e35f00c70a6b5fed8b550f260d1') in 0.195431 seconds
  Import took 0.214501 seconds .

========================================================================
Received Import Request.
  Time since last request: 497.253605 seconds.
  path: Assets/RPG Pack/Models
  artifactKey: Guid(c68ca6f52e8c95e42a0038f569350940) Importer(815301076,1909f56bfc062723c751e8b465ee728b)
Start importing Assets/RPG Pack/Models using Guid(c68ca6f52e8c95e42a0038f569350940) Importer(815301076,1909f56bfc062723c751e8b465ee728b)  -> (artifact id: 'e4591188f433c0dc98b182700a5c84a2') in 0.002897 seconds
  Import took 0.006909 seconds .

========================================================================
Received Import Request.
  Time since last request: 0.092598 seconds.
  path: Assets/RPG Pack/Models/Box.FBX
  artifactKey: Guid(bf5c3e0cc8f27e44fa80b78fbca7ac1a) Importer(815301076,1909f56bfc062723c751e8b465ee728b)
Start importing Assets/RPG Pack/Models/Box.FBX using Guid(bf5c3e0cc8f27e44fa80b78fbca7ac1a) Importer(815301076,1909f56bfc062723c751e8b465ee728b)  -> (artifact id: '391f9c19d8e453eb80a95ca29838f130') in 0.234236 seconds
  Import took 0.247011 seconds .

========================================================================
Received Import Request.
  Time since last request: 0.000395 seconds.
  path: Assets/RPG Pack/Models/Coin.FBX
  artifactKey: Guid(242d0c84f77361d4abc018c8b39c5d92) Importer(815301076,1909f56bfc062723c751e8b465ee728b)
Start importing Assets/RPG Pack/Models/Coin.FBX using Guid(242d0c84f77361d4abc018c8b39c5d92) Importer(815301076,1909f56bfc062723c751e8b465ee728b)  -> (artifact id: '7451482a8270a796059db02502d3f8a3') in 0.016645 seconds
  Import took 0.033619 seconds .

========================================================================
Received Import Request.
  Time since last request: 0.005698 seconds.
  path: Assets/RPG Pack/Models/Coin.FBX
  artifactKey: Guid(242d0c84f77361d4abc018c8b39c5d92) Importer(815301076,1909f56bfc062723c751e8b465ee728b)
Start importing Assets/RPG Pack/Models/Coin.FBX using Guid(242d0c84f77361d4abc018c8b39c5d92) Importer(815301076,1909f56bfc062723c751e8b465ee728b)  -> (artifact id: '7451482a8270a796059db02502d3f8a3') in 0.015718 seconds
  Import took 0.019682 seconds .

========================================================================
Received Import Request.
  Time since last request: 1.273340 seconds.
  path: Assets/RPG Pack/Models/Bottles
  artifactKey: Guid(b35dac8b2b787b04b8a7e7954ba91d3d) Importer(815301076,1909f56bfc062723c751e8b465ee728b)
Start importing Assets/RPG Pack/Models/Bottles using Guid(b35dac8b2b787b04b8a7e7954ba91d3d) Importer(815301076,1909f56bfc062723c751e8b465ee728b)  -> (artifact id: 'c0c23d662ece0d82fd351a1061af4e2b') in 0.003075 seconds
  Import took 0.014524 seconds .

========================================================================
Received Import Request.
  Time since last request: 0.057442 seconds.
  path: Assets/RPG Pack/Models/Bottles/bottle_blue.FBX
  artifactKey: Guid(da8a393ba24fc6f49842d87b0937b84d) Importer(815301076,1909f56bfc062723c751e8b465ee728b)
Start importing Assets/RPG Pack/Models/Bottles/bottle_blue.FBX using Guid(da8a393ba24fc6f49842d87b0937b84d) Importer(815301076,1909f56bfc062723c751e8b465ee728b)  -> (artifact id: '8ba12ffec4db8d91afedea1eaa687ace') in 0.027073 seconds
  Import took 0.039857 seconds .

========================================================================
Received Import Request.
  Time since last request: 0.000454 seconds.
  path: Assets/RPG Pack/Models/Bottles/bottle_green.FBX
  artifactKey: Guid(73c33de544278cc40862c8e46858e7fd) Importer(815301076,1909f56bfc062723c751e8b465ee728b)
Start importing Assets/RPG Pack/Models/Bottles/bottle_green.FBX using Guid(73c33de544278cc40862c8e46858e7fd) Importer(815301076,1909f56bfc062723c751e8b465ee728b)  -> (artifact id: '9c80f60aaa79358a40e1ed4d914ee35f') in 0.020028 seconds
  Import took 0.026493 seconds .

========================================================================
Received Import Request.
  Time since last request: 0.000325 seconds.
  path: Assets/RPG Pack/Models/Bottles/bottle_red.FBX
  artifactKey: Guid(887a534051bdbf449b6fc141de3d5c53) Importer(815301076,1909f56bfc062723c751e8b465ee728b)
Start importing Assets/RPG Pack/Models/Bottles/bottle_red.FBX using Guid(887a534051bdbf449b6fc141de3d5c53) Importer(815301076,1909f56bfc062723c751e8b465ee728b)  -> (artifact id: '64c90894070c905053dac221c64c5f30') in 0.019652 seconds
  Import took 0.025382 seconds .

========================================================================
Received Import Request.
  Time since last request: 2.393529 seconds.
  path: Assets/RPG Pack/Animations
  artifactKey: Guid(f94f989dc8ba8dc4fb3553994eddd642) Importer(815301076,1909f56bfc062723c751e8b465ee728b)
Start importing Assets/RPG Pack/Animations using Guid(f94f989dc8ba8dc4fb3553994eddd642) Importer(815301076,1909f56bfc062723c751e8b465ee728b)  -> (artifact id: '089f701a5702e209f62b6cb817119fd7') in 0.003197 seconds
  Import took 0.007991 seconds .

========================================================================
Received Import Request.
  Time since last request: 4.912867 seconds.
  path: Assets/RPG Pack/Materials
  artifactKey: Guid(787515ccff1baef4db732551574590ea) Importer(815301076,1909f56bfc062723c751e8b465ee728b)
Start importing Assets/RPG Pack/Materials using Guid(787515ccff1baef4db732551574590ea) Importer(815301076,1909f56bfc062723c751e8b465ee728b)  -> (artifact id: '9d4c84d5bd22a3e3e52286b61a54b889') in 0.002580 seconds
  Import took 0.005858 seconds .

========================================================================
Received Import Request.
  Time since last request: 0.051340 seconds.
  path: Assets/RPG Pack/Materials/Bottle_blue.mat
  artifactKey: Guid(c7b5ee6d805865f4d87c945585777026) Importer(815301076,1909f56bfc062723c751e8b465ee728b)
Start importing Assets/RPG Pack/Materials/Bottle_blue.mat using Guid(c7b5ee6d805865f4d87c945585777026) Importer(815301076,1909f56bfc062723c751e8b465ee728b)  -> (artifact id: '0796ac4eab532ee3cfa68d9a0986dda4') in 0.162013 seconds
  Import took 0.183481 seconds .

========================================================================
Received Import Request.
  Time since last request: 0.000593 seconds.
  path: Assets/RPG Pack/Materials/Stars_particles.mat
  artifactKey: Guid(f47e41e4ec1f46641a912dd7f8b381d9) Importer(815301076,1909f56bfc062723c751e8b465ee728b)
Start importing Assets/RPG Pack/Materials/Stars_particles.mat using Guid(f47e41e4ec1f46641a912dd7f8b381d9) Importer(815301076,1909f56bfc062723c751e8b465ee728b)  -> (artifact id: 'eef0dfcaa43df862e7322868b0f3e6a3') in 0.014647 seconds
  Import took 0.024211 seconds .

========================================================================
Received Import Request.
  Time since last request: 0.000403 seconds.
  path: Assets/RPG Pack/Materials/Coin.mat
  artifactKey: Guid(78e53f773c1253e42a517e179f18734b) Importer(815301076,1909f56bfc062723c751e8b465ee728b)
Start importing Assets/RPG Pack/Materials/Coin.mat using Guid(78e53f773c1253e42a517e179f18734b) Importer(815301076,1909f56bfc062723c751e8b465ee728b)  -> (artifact id: '7ba94d3c490af39dd68008a333b76f81') in 0.031044 seconds
  Import took 0.034332 seconds .

========================================================================
Received Import Request.
  Time since last request: 0.000288 seconds.
  path: Assets/RPG Pack/Materials/Glow_particles.mat
  artifactKey: Guid(40d4c3afc57e51f4ea3afcc23e8db70c) Importer(815301076,1909f56bfc062723c751e8b465ee728b)
Start importing Assets/RPG Pack/Materials/Glow_particles.mat using Guid(40d4c3afc57e51f4ea3afcc23e8db70c) Importer(815301076,1909f56bfc062723c751e8b465ee728b)  -> (artifact id: '1573ffb8324813951645594a7371b86c') in 0.011581 seconds
  Import took 0.015620 seconds .

========================================================================
Received Import Request.
  Time since last request: 0.000297 seconds.
  path: Assets/RPG Pack/Materials/Bottle_green.mat
  artifactKey: Guid(fb276041f4776ba4ca924be1e46d1148) Importer(815301076,1909f56bfc062723c751e8b465ee728b)
Start importing Assets/RPG Pack/Materials/Bottle_green.mat using Guid(fb276041f4776ba4ca924be1e46d1148) Importer(815301076,1909f56bfc062723c751e8b465ee728b)  -> (artifact id: '7e02f293f1fdacc4b5fdac74ae49ec9f') in 0.015380 seconds
  Import took 0.019549 seconds .

========================================================================
Received Import Request.
  Time since last request: 0.000278 seconds.
  path: Assets/RPG Pack/Materials/Box_Of_Pandora.mat
  artifactKey: Guid(3f6e773f4260ae14f907c9819b40b281) Importer(815301076,1909f56bfc062723c751e8b465ee728b)
Start importing Assets/RPG Pack/Materials/Box_Of_Pandora.mat using Guid(3f6e773f4260ae14f907c9819b40b281) Importer(815301076,1909f56bfc062723c751e8b465ee728b)  -> (artifact id: '15c1791f2a3f30dd25240d050670ccaf') in 0.013454 seconds
  Import took 0.016376 seconds .

========================================================================
Received Import Request.
  Time since last request: 0.000282 seconds.
  path: Assets/RPG Pack/Materials/Dust_particles.mat
  artifactKey: Guid(566428f457572c249a5ec48d349f2488) Importer(815301076,1909f56bfc062723c751e8b465ee728b)
Start importing Assets/RPG Pack/Materials/Dust_particles.mat using Guid(566428f457572c249a5ec48d349f2488) Importer(815301076,1909f56bfc062723c751e8b465ee728b)  -> (artifact id: '3a26b8bb48c438b7a132b22710f70b93') in 0.011458 seconds
  Import took 0.014497 seconds .

========================================================================
Received Import Request.
  Time since last request: 0.000466 seconds.
  path: Assets/RPG Pack/Materials/Bottle_red.mat
  artifactKey: Guid(13dcb46a756acb54487e0e6e6ad96506) Importer(815301076,1909f56bfc062723c751e8b465ee728b)
Start importing Assets/RPG Pack/Materials/Bottle_red.mat using Guid(13dcb46a756acb54487e0e6e6ad96506) Importer(815301076,1909f56bfc062723c751e8b465ee728b)  -> (artifact id: 'd78a56ea863daab56e83fe4e2f1ac742') in 0.012301 seconds
  Import took 0.023918 seconds .

========================================================================
Received Prepare
Registering precompiled user dll's ...
Registered in 0.001014 seconds.
Begin MonoManager ReloadAssembly
Native extension for WindowsStandalone target not found
Refreshing native plugins compatible for Editor in 0.41 ms, found 0 plugins.
Preloading 0 native plugins for Editor in 0.00 ms.
Invoked RoslynAnalysisRunner static constructor.
RoslynAnalysisRunner will not be running.
RoslynAnalysisRunner has terminated.
Mono: successfully reloaded assembly
- Completed reload, in  1.157 seconds
Platform modules already initialized, skipping
Refreshing native plugins compatible for Editor in 0.37 ms, found 0 plugins.
Preloading 0 native plugins for Editor in 0.00 ms.
Unloading 1180 Unused Serialized files (Serialized files now loaded: 0)
System memory in use before: 91.1 MB.
System memory in use after: 91.1 MB.

Unloading 6 unused Assets to reduce memory usage. Loaded Objects now: 1739.
Total: 2.841300 ms (FindLiveObjects: 0.186000 ms CreateObjectMapping: 0.114400 ms MarkObjects: 2.436100 ms  DeleteObjects: 0.103300 ms)

========================================================================
Received Import Request.
  Time since last request: 351.935596 seconds.
  path: Assets/Bridge.prefab
  artifactKey: Guid(78638a23a61418047a25408a30dde46f) Importer(815301076,1909f56bfc062723c751e8b465ee728b)
Start importing Assets/Bridge.prefab using Guid(78638a23a61418047a25408a30dde46f) Importer(815301076,1909f56bfc062723c751e8b465ee728b)  -> (artifact id: 'e43b1b85b3bac71baffe4bc407c9b39e') in 0.149079 seconds
  Import took 0.152565 seconds .

========================================================================
Received Import Request.
  Time since last request: 4.849399 seconds.
  path: Assets/Bridge (1).prefab
  artifactKey: Guid(db4a630985a62634091b7b394a334425) Importer(815301076,1909f56bfc062723c751e8b465ee728b)
Start importing Assets/Bridge (1).prefab using Guid(db4a630985a62634091b7b394a334425) Importer(815301076,1909f56bfc062723c751e8b465ee728b)  -> (artifact id: 'b6f44fc63f427c7c0d834ab9f0fe9438') in 0.020417 seconds
  Import took 0.034365 seconds .

========================================================================
Received Import Request.
  Time since last request: 78.752106 seconds.
  path: Assets/Bridge (2).prefab
  artifactKey: Guid(c945a6d6eb234984faf6deddaf4cb888) Importer(815301076,1909f56bfc062723c751e8b465ee728b)
Start importing Assets/Bridge (2).prefab using Guid(c945a6d6eb234984faf6deddaf4cb888) Importer(815301076,1909f56bfc062723c751e8b465ee728b)  -> (artifact id: 'e03113e3d3d91cfeac8d5c6fa65e303a') in 0.017728 seconds
  Import took 0.031433 seconds .

========================================================================
Received Prepare
Registering precompiled user dll's ...
Registered in 0.001084 seconds.
Begin MonoManager ReloadAssembly
Native extension for WindowsStandalone target not found
Refreshing native plugins compatible for Editor in 0.43 ms, found 0 plugins.
Preloading 0 native plugins for Editor in 0.00 ms.
Invoked RoslynAnalysisRunner static constructor.
RoslynAnalysisRunner will not be running.
RoslynAnalysisRunner has terminated.
Mono: successfully reloaded assembly
- Completed reload, in  1.161 seconds
Platform modules already initialized, skipping
Refreshing native plugins compatible for Editor in 0.37 ms, found 0 plugins.
Preloading 0 native plugins for Editor in 0.00 ms.
Unloading 1180 Unused Serialized files (Serialized files now loaded: 0)
System memory in use before: 91.1 MB.
System memory in use after: 91.2 MB.

Unloading 5 unused Assets to reduce memory usage. Loaded Objects now: 1742.
Total: 2.306400 ms (FindLiveObjects: 0.174400 ms CreateObjectMapping: 0.064800 ms MarkObjects: 1.975800 ms  DeleteObjects: 0.089900 ms)

========================================================================
Received Import Request.
  Time since last request: 160.320982 seconds.
  path: Assets/Bridge (2).prefab
  artifactKey: Guid(c945a6d6eb234984faf6deddaf4cb888) Importer(815301076,1909f56bfc062723c751e8b465ee728b)
Start importing Assets/Bridge (2).prefab using Guid(c945a6d6eb234984faf6deddaf4cb888) Importer(815301076,1909f56bfc062723c751e8b465ee728b)  -> (artifact id: '92b1c2f64ce209a893f47b4ac32ffbb9') in 0.094869 seconds
  Import took 0.099007 seconds .

========================================================================
Received Import Request.
  Time since last request: 202.217508 seconds.
  path: Assets/Bridge (1).prefab
  artifactKey: Guid(db4a630985a62634091b7b394a334425) Importer(815301076,1909f56bfc062723c751e8b465ee728b)
Start importing Assets/Bridge (1).prefab using Guid(db4a630985a62634091b7b394a334425) Importer(815301076,1909f56bfc062723c751e8b465ee728b)  -> (artifact id: '52ad81922f84f5ead96454bef52c7c6a') in 0.028215 seconds
  Import took 0.036911 seconds .

========================================================================
Received Import Request.
  Time since last request: 182.298984 seconds.
  path: Assets/RPG Pack/Textures
  artifactKey: Guid(a7ecc28292d894549b3f819677754859) Importer(815301076,1909f56bfc062723c751e8b465ee728b)
Start importing Assets/RPG Pack/Textures using Guid(a7ecc28292d894549b3f819677754859) Importer(815301076,1909f56bfc062723c751e8b465ee728b)  -> (artifact id: 'ab743091f4ddc28bf9e1b24ccbafc421') in 0.003333 seconds
  Import took 0.041508 seconds .

========================================================================
Received Import Request.
  Time since last request: 0.047640 seconds.
  path: Assets/RPG Pack/Textures/Bottle_blue_diff.png
  artifactKey: Guid(6f8c6a1b959adeb42bf8f42c22d4cf40) Importer(815301076,1909f56bfc062723c751e8b465ee728b)
Start importing Assets/RPG Pack/Textures/Bottle_blue_diff.png using Guid(6f8c6a1b959adeb42bf8f42c22d4cf40) Importer(815301076,1909f56bfc062723c751e8b465ee728b)  -> (artifact id: '41df0455c128a448b78c36a2ca6e0e6a') in 0.072432 seconds
  Import took 0.082532 seconds .

========================================================================
Received Import Request.
  Time since last request: 0.000477 seconds.
  path: Assets/RPG Pack/Textures/star.png
  artifactKey: Guid(825ca8510f66cbf4cbef2df54bedb8a9) Importer(815301076,1909f56bfc062723c751e8b465ee728b)
Start importing Assets/RPG Pack/Textures/star.png using Guid(825ca8510f66cbf4cbef2df54bedb8a9) Importer(815301076,1909f56bfc062723c751e8b465ee728b)  -> (artifact id: '7a5cc8fced8dc88dd0bf535a9b59442a') in 0.012678 seconds
  Import took 0.016379 seconds .

========================================================================
Received Import Request.
  Time since last request: 0.000283 seconds.
  path: Assets/RPG Pack/Textures/Bottles_spec.png
  artifactKey: Guid(a4fc04af690224847af00347b5ed9d23) Importer(815301076,1909f56bfc062723c751e8b465ee728b)
Start importing Assets/RPG Pack/Textures/Bottles_spec.png using Guid(a4fc04af690224847af00347b5ed9d23) Importer(815301076,1909f56bfc062723c751e8b465ee728b)  -> (artifact id: '17ff8f4034b7ab8e74dd326761da9dd4') in 0.011188 seconds
  Import took 0.016793 seconds .

========================================================================
Received Import Request.
  Time since last request: 0.000311 seconds.
  path: Assets/RPG Pack/Textures/Coin_normals.png
  artifactKey: Guid(e7c7ff0ad5317aa49aec0dd4869d621c) Importer(815301076,1909f56bfc062723c751e8b465ee728b)
Start importing Assets/RPG Pack/Textures/Coin_normals.png using Guid(e7c7ff0ad5317aa49aec0dd4869d621c) Importer(815301076,1909f56bfc062723c751e8b465ee728b)  -> (artifact id: '615c98bad7674cf56acda77b849f5ce4') in 0.028351 seconds
  Import took 0.042378 seconds .

========================================================================
Received Import Request.
  Time since last request: 0.000319 seconds.
  path: Assets/RPG Pack/Textures/BoxOfPandora_diffuse.png
  artifactKey: Guid(ebb57d4ee979f0f468fd27daa88b3179) Importer(815301076,1909f56bfc062723c751e8b465ee728b)
Start importing Assets/RPG Pack/Textures/BoxOfPandora_diffuse.png using Guid(ebb57d4ee979f0f468fd27daa88b3179) Importer(815301076,1909f56bfc062723c751e8b465ee728b)  -> (artifact id: '9c2a49bad368db40c01579bfa36a49dd') in 0.012760 seconds
  Import took 0.015627 seconds .

========================================================================
Received Import Request.
  Time since last request: 0.000282 seconds.
  path: Assets/RPG Pack/Textures/Bottle_red_diff.png
  artifactKey: Guid(38daf72cb2e0ac0408f28c0cd87a00cf) Importer(815301076,1909f56bfc062723c751e8b465ee728b)
Start importing Assets/RPG Pack/Textures/Bottle_red_diff.png using Guid(38daf72cb2e0ac0408f28c0cd87a00cf) Importer(815301076,1909f56bfc062723c751e8b465ee728b)  -> (artifact id: '9a5a674723707f5b82c0760c2201ee52') in 0.007329 seconds
  Import took 0.014932 seconds .

========================================================================
Received Import Request.
  Time since last request: 0.000283 seconds.
  path: Assets/RPG Pack/Textures/Coin_diffuse.png
  artifactKey: Guid(6ab5a3ea27f130647b54ca5ee121436c) Importer(815301076,1909f56bfc062723c751e8b465ee728b)
Start importing Assets/RPG Pack/Textures/Coin_diffuse.png using Guid(6ab5a3ea27f130647b54ca5ee121436c) Importer(815301076,1909f56bfc062723c751e8b465ee728b)  -> (artifact id: '9644895378007227f078d39b27a058ef') in 0.015279 seconds
  Import took 0.027052 seconds .

========================================================================
Received Import Request.
  Time since last request: 0.000339 seconds.
  path: Assets/RPG Pack/Textures/sprite_radiance.tif
  artifactKey: Guid(ef5ae37d99296fc4d8dd2bc52828f008) Importer(815301076,1909f56bfc062723c751e8b465ee728b)
Start importing Assets/RPG Pack/Textures/sprite_radiance.tif using Guid(ef5ae37d99296fc4d8dd2bc52828f008) Importer(815301076,1909f56bfc062723c751e8b465ee728b)  -> (artifact id: '667ba102b1ad9861be47d8925913b933') in 0.031029 seconds
  Import took 0.044991 seconds .

========================================================================
Received Import Request.
  Time since last request: 0.000308 seconds.
  path: Assets/RPG Pack/Textures/Dust_particles.tif
  artifactKey: Guid(2ad70170f6ff89d468e5694143176d6b) Importer(815301076,1909f56bfc062723c751e8b465ee728b)
Start importing Assets/RPG Pack/Textures/Dust_particles.tif using Guid(2ad70170f6ff89d468e5694143176d6b) Importer(815301076,1909f56bfc062723c751e8b465ee728b)  -> (artifact id: 'd00cadba4d014d0786b2656154dcc80d') in 0.009476 seconds
  Import took 0.012768 seconds .

========================================================================
Received Import Request.
  Time since last request: 0.000291 seconds.
  path: Assets/RPG Pack/Textures/Bottle_green_diff.png
  artifactKey: Guid(11ff914debcea7740925ff23943318d9) Importer(815301076,1909f56bfc062723c751e8b465ee728b)
Start importing Assets/RPG Pack/Textures/Bottle_green_diff.png using Guid(11ff914debcea7740925ff23943318d9) Importer(815301076,1909f56bfc062723c751e8b465ee728b)  -> (artifact id: '374fb5b65c0ece432c688f8610ebd2a4') in 0.012116 seconds
  Import took 0.016004 seconds .

========================================================================
Received Import Request.
  Time since last request: 0.000275 seconds.
  path: Assets/RPG Pack/Textures/Bottles_normal.png
  artifactKey: Guid(c8e2cfcbf9c39d847a864ff5716625a2) Importer(815301076,1909f56bfc062723c751e8b465ee728b)
Start importing Assets/RPG Pack/Textures/Bottles_normal.png using Guid(c8e2cfcbf9c39d847a864ff5716625a2) Importer(815301076,1909f56bfc062723c751e8b465ee728b)  -> (artifact id: '19efa162a2015709c6a708b34a507b00') in 0.008803 seconds
  Import took 0.014348 seconds .

========================================================================
Received Import Request.
  Time since last request: 233.498080 seconds.
  path: Assets/Bridge (1).prefab
  artifactKey: Guid(db4a630985a62634091b7b394a334425) Importer(815301076,1909f56bfc062723c751e8b465ee728b)
Start importing Assets/Bridge (1).prefab using Guid(db4a630985a62634091b7b394a334425) Importer(815301076,1909f56bfc062723c751e8b465ee728b)  -> (artifact id: '258a16f263809a85bb512898e4d3fd4f') in 0.055551 seconds
  Import took 0.066324 seconds .

========================================================================
Received Import Request.
  Time since last request: 0.006384 seconds.
  path: Assets/Bridge (1).prefab
  artifactKey: Guid(db4a630985a62634091b7b394a334425) Importer(815301076,1909f56bfc062723c751e8b465ee728b)
Start importing Assets/Bridge (1).prefab using Guid(db4a630985a62634091b7b394a334425) Importer(815301076,1909f56bfc062723c751e8b465ee728b)  -> (artifact id: '258a16f263809a85bb512898e4d3fd4f') in 0.045068 seconds
  Import took 0.050033 seconds .

========================================================================
Received Import Request.
  Time since last request: 374.128074 seconds.
  path: Assets/Bridge (2).prefab
  artifactKey: Guid(c945a6d6eb234984faf6deddaf4cb888) Importer(815301076,1909f56bfc062723c751e8b465ee728b)
Start importing Assets/Bridge (2).prefab using Guid(c945a6d6eb234984faf6deddaf4cb888) Importer(815301076,1909f56bfc062723c751e8b465ee728b)  -> (artifact id: '6fa615393577a034c0019c0fb5583018') in 0.063362 seconds
  Import took 0.081528 seconds .

========================================================================
Received Import Request.
  Time since last request: 0.003362 seconds.
  path: Assets/Bridge (2).prefab
  artifactKey: Guid(c945a6d6eb234984faf6deddaf4cb888) Importer(815301076,1909f56bfc062723c751e8b465ee728b)
Start importing Assets/Bridge (2).prefab using Guid(c945a6d6eb234984faf6deddaf4cb888) Importer(815301076,1909f56bfc062723c751e8b465ee728b)  -> (artifact id: '6fa615393577a034c0019c0fb5583018') in 0.067339 seconds
  Import took 0.074657 seconds .

========================================================================
Received Import Request.
  Time since last request: 2.663277 seconds.
  path: Assets/Bridge.prefab
  artifactKey: Guid(78638a23a61418047a25408a30dde46f) Importer(815301076,1909f56bfc062723c751e8b465ee728b)
Start importing Assets/Bridge.prefab using Guid(78638a23a61418047a25408a30dde46f) Importer(815301076,1909f56bfc062723c751e8b465ee728b)  -> (artifact id: '522a0af5f5ef064bb32f346c4b19b9f1') in 0.025641 seconds
  Import took 0.035477 seconds .

========================================================================
Received Import Request.
  Time since last request: 75.940736 seconds.
  path: Assets/scripts/bridge_manager.cs
  artifactKey: Guid(1450ae05bbb48284f8f3980773ccd883) Importer(815301076,1909f56bfc062723c751e8b465ee728b)
Start importing Assets/scripts/bridge_manager.cs using Guid(1450ae05bbb48284f8f3980773ccd883) Importer(815301076,1909f56bfc062723c751e8b465ee728b)  -> (artifact id: 'c5c426fc858f2c11ab107e5613336ebd') in 0.002673 seconds
  Import took 0.006057 seconds .

========================================================================
Received Import Request.
  Time since last request: 0.005141 seconds.
  path: Assets/scripts/bridge_manager.cs
  artifactKey: Guid(1450ae05bbb48284f8f3980773ccd883) Importer(815301076,1909f56bfc062723c751e8b465ee728b)
Start importing Assets/scripts/bridge_manager.cs using Guid(1450ae05bbb48284f8f3980773ccd883) Importer(815301076,1909f56bfc062723c751e8b465ee728b)  -> (artifact id: 'c5c426fc858f2c11ab107e5613336ebd') in 0.002419 seconds
  Import took 0.005524 seconds .

========================================================================
Received Prepare
Registering precompiled user dll's ...
Registered in 0.001001 seconds.
Begin MonoManager ReloadAssembly
Native extension for WindowsStandalone target not found
Refreshing native plugins compatible for Editor in 0.37 ms, found 0 plugins.
Preloading 0 native plugins for Editor in 0.00 ms.
Invoked RoslynAnalysisRunner static constructor.
RoslynAnalysisRunner will not be running.
RoslynAnalysisRunner has terminated.
Mono: successfully reloaded assembly
- Completed reload, in  1.263 seconds
Platform modules already initialized, skipping
Refreshing native plugins compatible for Editor in 0.48 ms, found 0 plugins.
Preloading 0 native plugins for Editor in 0.00 ms.
Unloading 1180 Unused Serialized files (Serialized files now loaded: 0)
System memory in use before: 91.8 MB.
System memory in use after: 91.9 MB.

Unloading 5 unused Assets to reduce memory usage. Loaded Objects now: 1751.
Total: 2.308400 ms (FindLiveObjects: 0.177400 ms CreateObjectMapping: 0.064200 ms MarkObjects: 1.967600 ms  DeleteObjects: 0.097600 ms)

========================================================================
Received Import Request.
  Time since last request: 20.890875 seconds.
  path: Assets/scripts/bridge_manager.cs
  artifactKey: Guid(1450ae05bbb48284f8f3980773ccd883) Importer(815301076,1909f56bfc062723c751e8b465ee728b)
Start importing Assets/scripts/bridge_manager.cs using Guid(1450ae05bbb48284f8f3980773ccd883) Importer(815301076,1909f56bfc062723c751e8b465ee728b)  -> (artifact id: '737f631071e92245fc7f414fdf713835') in 0.004663 seconds
  Import took 0.012958 seconds .

========================================================================
Received Import Request.
  Time since last request: 2.742889 seconds.
  path: Assets/scripts/bridge_manager.cs
  artifactKey: Guid(1450ae05bbb48284f8f3980773ccd883) Importer(815301076,1909f56bfc062723c751e8b465ee728b)
Start importing Assets/scripts/bridge_manager.cs using Guid(1450ae05bbb48284f8f3980773ccd883) Importer(815301076,1909f56bfc062723c751e8b465ee728b)  -> (artifact id: '737f631071e92245fc7f414fdf713835') in 0.002288 seconds
  Import took 0.005177 seconds .

========================================================================
Received Prepare
Registering precompiled user dll's ...
Registered in 0.001123 seconds.
Begin MonoManager ReloadAssembly
Native extension for WindowsStandalone target not found
Refreshing native plugins compatible for Editor in 0.42 ms, found 0 plugins.
Preloading 0 native plugins for Editor in 0.00 ms.
Invoked RoslynAnalysisRunner static constructor.
RoslynAnalysisRunner will not be running.
RoslynAnalysisRunner has terminated.
Mono: successfully reloaded assembly
- Completed reload, in  1.357 seconds
Platform modules already initialized, skipping
Refreshing native plugins compatible for Editor in 0.39 ms, found 0 plugins.
Preloading 0 native plugins for Editor in 0.00 ms.
Unloading 1180 Unused Serialized files (Serialized files now loaded: 0)
System memory in use before: 91.8 MB.
System memory in use after: 91.9 MB.

Unloading 5 unused Assets to reduce memory usage. Loaded Objects now: 1753.
Total: 2.624000 ms (FindLiveObjects: 0.186400 ms CreateObjectMapping: 0.064500 ms MarkObjects: 2.278500 ms  DeleteObjects: 0.093200 ms)

========================================================================
Received Prepare
Registering precompiled user dll's ...
Registered in 0.001016 seconds.
Begin MonoManager ReloadAssembly
Native extension for WindowsStandalone target not found
Refreshing native plugins compatible for Editor in 0.43 ms, found 0 plugins.
Preloading 0 native plugins for Editor in 0.00 ms.
Invoked RoslynAnalysisRunner static constructor.
RoslynAnalysisRunner will not be running.
RoslynAnalysisRunner has terminated.
Mono: successfully reloaded assembly
- Completed reload, in  1.135 seconds
Platform modules already initialized, skipping
Refreshing native plugins compatible for Editor in 0.38 ms, found 0 plugins.
Preloading 0 native plugins for Editor in 0.00 ms.
Unloading 1180 Unused Serialized files (Serialized files now loaded: 0)
System memory in use before: 91.8 MB.
System memory in use after: 91.9 MB.

Unloading 5 unused Assets to reduce memory usage. Loaded Objects now: 1755.
Total: 2.410800 ms (FindLiveObjects: 0.194300 ms CreateObjectMapping: 0.065300 ms MarkObjects: 2.056100 ms  DeleteObjects: 0.093600 ms)

========================================================================
Received Prepare
Registering precompiled user dll's ...
Registered in 0.001044 seconds.
Begin MonoManager ReloadAssembly
Native extension for WindowsStandalone target not found
Refreshing native plugins compatible for Editor in 0.37 ms, found 0 plugins.
Preloading 0 native plugins for Editor in 0.00 ms.
Invoked RoslynAnalysisRunner static constructor.
RoslynAnalysisRunner will not be running.
RoslynAnalysisRunner has terminated.
Mono: successfully reloaded assembly
- Completed reload, in  1.621 seconds
Platform modules already initialized, skipping
Refreshing native plugins compatible for Editor in 0.46 ms, found 0 plugins.
Preloading 0 native plugins for Editor in 0.00 ms.
Unloading 1180 Unused Serialized files (Serialized files now loaded: 0)
System memory in use before: 91.8 MB.
System memory in use after: 91.9 MB.

Unloading 5 unused Assets to reduce memory usage. Loaded Objects now: 1757.
Total: 2.549200 ms (FindLiveObjects: 0.201600 ms CreateObjectMapping: 0.069100 ms MarkObjects: 2.179700 ms  DeleteObjects: 0.096500 ms)

========================================================================
Received Prepare
Registering precompiled user dll's ...
Registered in 0.001118 seconds.
Begin MonoManager ReloadAssembly
Native extension for WindowsStandalone target not found
Refreshing native plugins compatible for Editor in 0.46 ms, found 0 plugins.
Preloading 0 native plugins for Editor in 0.00 ms.
Invoked RoslynAnalysisRunner static constructor.
RoslynAnalysisRunner will not be running.
RoslynAnalysisRunner has terminated.
Mono: successfully reloaded assembly
- Completed reload, in  1.142 seconds
Platform modules already initialized, skipping
Refreshing native plugins compatible for Editor in 0.37 ms, found 0 plugins.
Preloading 0 native plugins for Editor in 0.00 ms.
Unloading 1180 Unused Serialized files (Serialized files now loaded: 0)
System memory in use before: 91.8 MB.
System memory in use after: 91.9 MB.

Unloading 5 unused Assets to reduce memory usage. Loaded Objects now: 1759.
Total: 2.806300 ms (FindLiveObjects: 0.187800 ms CreateObjectMapping: 0.067700 ms MarkObjects: 2.459400 ms  DeleteObjects: 0.089900 ms)

========================================================================
Received Prepare
Registering precompiled user dll's ...
Registered in 0.001174 seconds.
Begin MonoManager ReloadAssembly
Native extension for WindowsStandalone target not found
Refreshing native plugins compatible for Editor in 0.39 ms, found 0 plugins.
Preloading 0 native plugins for Editor in 0.00 ms.
Invoked RoslynAnalysisRunner static constructor.
RoslynAnalysisRunner will not be running.
RoslynAnalysisRunner has terminated.
Mono: successfully reloaded assembly
- Completed reload, in  1.177 seconds
Platform modules already initialized, skipping
Refreshing native plugins compatible for Editor in 0.37 ms, found 0 plugins.
Preloading 0 native plugins for Editor in 0.00 ms.
Unloading 1180 Unused Serialized files (Serialized files now loaded: 0)
System memory in use before: 91.8 MB.
System memory in use after: 91.9 MB.

Unloading 5 unused Assets to reduce memory usage. Loaded Objects now: 1761.
Total: 2.476600 ms (FindLiveObjects: 0.186900 ms CreateObjectMapping: 0.068600 ms MarkObjects: 2.108500 ms  DeleteObjects: 0.111100 ms)

========================================================================
Received Import Request.
  Time since last request: 817.489786 seconds.
  path: Assets/Bridge.prefab
  artifactKey: Guid(78638a23a61418047a25408a30dde46f) Importer(815301076,1909f56bfc062723c751e8b465ee728b)
Start importing Assets/Bridge.prefab using Guid(78638a23a61418047a25408a30dde46f) Importer(815301076,1909f56bfc062723c751e8b465ee728b)  -> (artifact id: 'f2b0fcc8c9b867e4932c6ec1b4912163') in 0.110321 seconds
  Import took 0.118428 seconds .

========================================================================
Received Import Request.
  Time since last request: 0.002202 seconds.
  path: Assets/Bridge.prefab
  artifactKey: Guid(78638a23a61418047a25408a30dde46f) Importer(815301076,1909f56bfc062723c751e8b465ee728b)
Start importing Assets/Bridge.prefab using Guid(78638a23a61418047a25408a30dde46f) Importer(815301076,1909f56bfc062723c751e8b465ee728b)  -> (artifact id: 'f2b0fcc8c9b867e4932c6ec1b4912163') in 0.029465 seconds
  Import took 0.033637 seconds .

========================================================================
Received Prepare
Registering precompiled user dll's ...
Registered in 0.001090 seconds.
Begin MonoManager ReloadAssembly
Native extension for WindowsStandalone target not found
Refreshing native plugins compatible for Editor in 0.40 ms, found 0 plugins.
Preloading 0 native plugins for Editor in 0.00 ms.
Invoked RoslynAnalysisRunner static constructor.
RoslynAnalysisRunner will not be running.
RoslynAnalysisRunner has terminated.
Mono: successfully reloaded assembly
- Completed reload, in  1.151 seconds
Platform modules already initialized, skipping
Refreshing native plugins compatible for Editor in 0.48 ms, found 0 plugins.
Preloading 0 native plugins for Editor in 0.00 ms.
Unloading 1180 Unused Serialized files (Serialized files now loaded: 0)
System memory in use before: 92.0 MB.
System memory in use after: 92.0 MB.

Unloading 5 unused Assets to reduce memory usage. Loaded Objects now: 1764.
Total: 2.394400 ms (FindLiveObjects: 0.191300 ms CreateObjectMapping: 0.065000 ms MarkObjects: 2.045400 ms  DeleteObjects: 0.090900 ms)

========================================================================
Received Prepare
Registering precompiled user dll's ...
Registered in 0.001097 seconds.
Begin MonoManager ReloadAssembly
Native extension for WindowsStandalone target not found
Refreshing native plugins compatible for Editor in 0.37 ms, found 0 plugins.
Preloading 0 native plugins for Editor in 0.00 ms.
Invoked RoslynAnalysisRunner static constructor.
RoslynAnalysisRunner will not be running.
RoslynAnalysisRunner has terminated.
Mono: successfully reloaded assembly
- Completed reload, in  1.265 seconds
Platform modules already initialized, skipping
Refreshing native plugins compatible for Editor in 0.40 ms, found 0 plugins.
Preloading 0 native plugins for Editor in 0.00 ms.
Unloading 1180 Unused Serialized files (Serialized files now loaded: 0)
System memory in use before: 92.0 MB.
System memory in use after: 92.0 MB.

Unloading 5 unused Assets to reduce memory usage. Loaded Objects now: 1766.
Total: 2.292900 ms (FindLiveObjects: 0.222700 ms CreateObjectMapping: 0.064200 ms MarkObjects: 1.912200 ms  DeleteObjects: 0.092300 ms)

========================================================================
Received Prepare
Registering precompiled user dll's ...
Registered in 0.001184 seconds.
Begin MonoManager ReloadAssembly
Native extension for WindowsStandalone target not found
Refreshing native plugins compatible for Editor in 0.46 ms, found 0 plugins.
Preloading 0 native plugins for Editor in 0.00 ms.
Invoked RoslynAnalysisRunner static constructor.
RoslynAnalysisRunner will not be running.
RoslynAnalysisRunner has terminated.
Mono: successfully reloaded assembly
- Completed reload, in  1.375 seconds
Platform modules already initialized, skipping
Refreshing native plugins compatible for Editor in 0.39 ms, found 0 plugins.
Preloading 0 native plugins for Editor in 0.00 ms.
Unloading 1180 Unused Serialized files (Serialized files now loaded: 0)
System memory in use before: 92.0 MB.
System memory in use after: 92.1 MB.

Unloading 5 unused Assets to reduce memory usage. Loaded Objects now: 1768.
Total: 2.311900 ms (FindLiveObjects: 0.229900 ms CreateObjectMapping: 0.065600 ms MarkObjects: 1.917500 ms  DeleteObjects: 0.097200 ms)

========================================================================
Received Prepare
Registering precompiled user dll's ...
Registered in 0.001079 seconds.
Begin MonoManager ReloadAssembly
Native extension for WindowsStandalone target not found
Refreshing native plugins compatible for Editor in 0.38 ms, found 0 plugins.
Preloading 0 native plugins for Editor in 0.00 ms.
Invoked RoslynAnalysisRunner static constructor.
RoslynAnalysisRunner will not be running.
RoslynAnalysisRunner has terminated.
Mono: successfully reloaded assembly
- Completed reload, in  1.496 seconds
Platform modules already initialized, skipping
Refreshing native plugins compatible for Editor in 0.45 ms, found 0 plugins.
Preloading 0 native plugins for Editor in 0.00 ms.
Unloading 1180 Unused Serialized files (Serialized files now loaded: 0)
System memory in use before: 92.0 MB.
System memory in use after: 92.1 MB.

Unloading 5 unused Assets to reduce memory usage. Loaded Objects now: 1770.
Total: 2.672900 ms (FindLiveObjects: 0.301000 ms CreateObjectMapping: 0.171600 ms MarkObjects: 2.103200 ms  DeleteObjects: 0.095200 ms)

========================================================================
Received Prepare
Registering precompiled user dll's ...
Registered in 0.001128 seconds.
Begin MonoManager ReloadAssembly
Native extension for WindowsStandalone target not found
Refreshing native plugins compatible for Editor in 0.42 ms, found 0 plugins.
Preloading 0 native plugins for Editor in 0.00 ms.
Invoked RoslynAnalysisRunner static constructor.
RoslynAnalysisRunner will not be running.
RoslynAnalysisRunner has terminated.
Mono: successfully reloaded assembly
- Completed reload, in  1.208 seconds
Platform modules already initialized, skipping
Refreshing native plugins compatible for Editor in 0.42 ms, found 0 plugins.
Preloading 0 native plugins for Editor in 0.00 ms.
Unloading 1180 Unused Serialized files (Serialized files now loaded: 0)
System memory in use before: 92.0 MB.
System memory in use after: 92.1 MB.

Unloading 5 unused Assets to reduce memory usage. Loaded Objects now: 1772.
Total: 2.362300 ms (FindLiveObjects: 0.240700 ms CreateObjectMapping: 0.065400 ms MarkObjects: 1.953100 ms  DeleteObjects: 0.100800 ms)

AssetImportWorkerClient::OnTransportError - code=2 error=End of file
